<?xml version="1.0" encoding="UTF-8"?>
<testng-results skipped="0" failed="0" total="2" passed="2">
  <reporter-output>
  </reporter-output>
  <suite name="TestSuite" duration-ms="110" started-at="2017-01-15T15:02:15Z" finished-at="2017-01-15T15:02:15Z">
    <groups>
      <group name="grp1">
        <method signature="GroupTests.test4()[pri:0, instance:seleniumTestNG.GroupTests@47b10810]" name="test4" class="seleniumTestNG.GroupTests"/>
      </group> <!-- grp1 -->
      <group name="LowPriority">
        <method signature="GroupTests.test3()[pri:0, instance:seleniumTestNG.GroupTests@47b10810]" name="test3" class="seleniumTestNG.GroupTests"/>
      </group> <!-- LowPriority -->
    </groups>
    <test name="GroupTest" duration-ms="110" started-at="2017-01-15T15:02:15Z" finished-at="2017-01-15T15:02:15Z">
      <class name="seleniumTestNG.GroupTests">
        <test-method status="PASS" signature="test4()[pri:0, instance:seleniumTestNG.GroupTests@47b10810]" name="test4" duration-ms="29" started-at="2017-01-15T20:32:15Z" finished-at="2017-01-15T20:32:15Z">
          <reporter-output>
          </reporter-output>
        </test-method> <!-- test4 -->
        <test-method status="PASS" signature="test3()[pri:0, instance:seleniumTestNG.GroupTests@47b10810]" name="test3" duration-ms="3" depends-on-groups="grp1" started-at="2017-01-15T20:32:15Z" finished-at="2017-01-15T20:32:15Z">
          <reporter-output>
          </reporter-output>
        </test-method> <!-- test3 -->
      </class> <!-- seleniumTestNG.GroupTests -->
    </test> <!-- GroupTest -->
  </suite> <!-- TestSuite -->
</testng-results>
